{"C:\\Users\\flavi\\Documents\\MicrotechPro\\ProjetosWeb\\client-management\\server\\src\\config\\prisma.ts": {"path":"C:\\Users\\flavi\\Documents\\MicrotechPro\\ProjetosWeb\\client-management\\server\\src\\config\\prisma.ts","all":false,"statementMap":{"0":{"start":{"line":1,"column":0},"end":{"line":1,"column":45}},"1":{"start":{"line":2,"column":0},"end":{"line":2,"column":0}},"2":{"start":{"line":3,"column":0},"end":{"line":3,"column":40}},"3":{"start":{"line":4,"column":0},"end":{"line":4,"column":17}},"4":{"start":{"line":5,"column":0},"end":{"line":5,"column":2}}},"s":{"0":1,"1":1,"2":1,"3":1,"4":1},"branchMap":{},"b":{},"fnMap":{},"f":{}}
,"C:\\Users\\flavi\\Documents\\MicrotechPro\\ProjetosWeb\\client-management\\server\\src\\controller\\client-controller.ts": {"path":"C:\\Users\\flavi\\Documents\\MicrotechPro\\ProjetosWeb\\client-management\\server\\src\\controller\\client-controller.ts","all":false,"statementMap":{"0":{"start":{"line":1,"column":0},"end":{"line":1,"column":55}},"1":{"start":{"line":2,"column":0},"end":{"line":2,"column":67}},"2":{"start":{"line":3,"column":0},"end":{"line":3,"column":24}},"3":{"start":{"line":4,"column":0},"end":{"line":4,"column":0}},"4":{"start":{"line":5,"column":0},"end":{"line":5,"column":8}},"5":{"start":{"line":6,"column":0},"end":{"line":6,"column":14}},"6":{"start":{"line":7,"column":0},"end":{"line":7,"column":14}},"7":{"start":{"line":8,"column":0},"end":{"line":8,"column":14}},"8":{"start":{"line":9,"column":0},"end":{"line":9,"column":15}},"9":{"start":{"line":10,"column":0},"end":{"line":10,"column":17}},"10":{"start":{"line":11,"column":0},"end":{"line":11,"column":14}},"11":{"start":{"line":12,"column":0},"end":{"line":12,"column":37}},"12":{"start":{"line":13,"column":0},"end":{"line":13,"column":0}},"13":{"start":{"line":14,"column":0},"end":{"line":14,"column":31}},"14":{"start":{"line":15,"column":0},"end":{"line":15,"column":16}},"15":{"start":{"line":16,"column":0},"end":{"line":16,"column":3}},"16":{"start":{"line":17,"column":0},"end":{"line":17,"column":0}},"17":{"start":{"line":18,"column":0},"end":{"line":18,"column":29}},"18":{"start":{"line":19,"column":0},"end":{"line":19,"column":18}},"19":{"start":{"line":20,"column":0},"end":{"line":20,"column":2}},"20":{"start":{"line":21,"column":0},"end":{"line":21,"column":0}},"21":{"start":{"line":22,"column":0},"end":{"line":22,"column":33}},"22":{"start":{"line":23,"column":0},"end":{"line":23,"column":66}},"23":{"start":{"line":24,"column":0},"end":{"line":24,"column":7}},"24":{"start":{"line":25,"column":0},"end":{"line":25,"column":49}},"25":{"start":{"line":26,"column":0},"end":{"line":26,"column":43}},"26":{"start":{"line":27,"column":0},"end":{"line":27,"column":32}},"27":{"start":{"line":28,"column":0},"end":{"line":28,"column":17}},"28":{"start":{"line":29,"column":0},"end":{"line":29,"column":29}},"29":{"start":{"line":30,"column":0},"end":{"line":30,"column":3}},"30":{"start":{"line":31,"column":0},"end":{"line":31,"column":3}},"31":{"start":{"line":32,"column":0},"end":{"line":32,"column":0}},"32":{"start":{"line":33,"column":0},"end":{"line":33,"column":67}},"33":{"start":{"line":34,"column":0},"end":{"line":34,"column":7}},"34":{"start":{"line":35,"column":0},"end":{"line":35,"column":53}},"35":{"start":{"line":36,"column":0},"end":{"line":36,"column":49}},"36":{"start":{"line":37,"column":0},"end":{"line":37,"column":32}},"37":{"start":{"line":38,"column":0},"end":{"line":38,"column":17}},"38":{"start":{"line":39,"column":0},"end":{"line":39,"column":29}},"39":{"start":{"line":40,"column":0},"end":{"line":40,"column":3}},"40":{"start":{"line":41,"column":0},"end":{"line":41,"column":3}},"41":{"start":{"line":42,"column":0},"end":{"line":42,"column":0}},"42":{"start":{"line":43,"column":0},"end":{"line":43,"column":69}},"43":{"start":{"line":44,"column":0},"end":{"line":44,"column":7}},"44":{"start":{"line":45,"column":0},"end":{"line":45,"column":51}},"45":{"start":{"line":46,"column":0},"end":{"line":46,"column":53}},"46":{"start":{"line":47,"column":0},"end":{"line":47,"column":32}},"47":{"start":{"line":48,"column":0},"end":{"line":48,"column":17}},"48":{"start":{"line":49,"column":0},"end":{"line":49,"column":29}},"49":{"start":{"line":50,"column":0},"end":{"line":50,"column":3}},"50":{"start":{"line":51,"column":0},"end":{"line":51,"column":3}},"51":{"start":{"line":52,"column":0},"end":{"line":52,"column":0}},"52":{"start":{"line":53,"column":0},"end":{"line":53,"column":66}},"53":{"start":{"line":54,"column":0},"end":{"line":54,"column":7}},"54":{"start":{"line":55,"column":0},"end":{"line":55,"column":40}},"55":{"start":{"line":56,"column":0},"end":{"line":56,"column":33}},"56":{"start":{"line":57,"column":0},"end":{"line":57,"column":17}},"57":{"start":{"line":58,"column":0},"end":{"line":58,"column":29}},"58":{"start":{"line":59,"column":0},"end":{"line":59,"column":3}},"59":{"start":{"line":60,"column":0},"end":{"line":60,"column":3}},"60":{"start":{"line":61,"column":0},"end":{"line":61,"column":0}},"61":{"start":{"line":62,"column":0},"end":{"line":62,"column":66}},"62":{"start":{"line":63,"column":0},"end":{"line":63,"column":7}},"63":{"start":{"line":64,"column":0},"end":{"line":64,"column":53}},"64":{"start":{"line":65,"column":0},"end":{"line":65,"column":55}},"65":{"start":{"line":66,"column":0},"end":{"line":66,"column":54}},"66":{"start":{"line":67,"column":0},"end":{"line":67,"column":32}},"67":{"start":{"line":68,"column":0},"end":{"line":68,"column":17}},"68":{"start":{"line":69,"column":0},"end":{"line":69,"column":29}},"69":{"start":{"line":70,"column":0},"end":{"line":70,"column":3}},"70":{"start":{"line":71,"column":0},"end":{"line":71,"column":3}},"71":{"start":{"line":72,"column":0},"end":{"line":72,"column":0}},"72":{"start":{"line":73,"column":0},"end":{"line":73,"column":66}},"73":{"start":{"line":74,"column":0},"end":{"line":74,"column":7}},"74":{"start":{"line":75,"column":0},"end":{"line":75,"column":53}},"75":{"start":{"line":76,"column":0},"end":{"line":76,"column":33}},"76":{"start":{"line":77,"column":0},"end":{"line":77,"column":26}},"77":{"start":{"line":78,"column":0},"end":{"line":78,"column":17}},"78":{"start":{"line":79,"column":0},"end":{"line":79,"column":29}},"79":{"start":{"line":80,"column":0},"end":{"line":80,"column":3}},"80":{"start":{"line":81,"column":0},"end":{"line":81,"column":3}},"81":{"start":{"line":82,"column":0},"end":{"line":82,"column":2}}},"s":{"0":1,"1":1,"2":1,"3":1,"4":1,"5":1,"6":1,"7":1,"8":1,"9":1,"10":1,"11":1,"12":1,"13":1,"14":1,"15":1,"16":1,"17":1,"18":1,"19":1,"20":1,"21":1,"22":1,"23":2,"24":2,"25":2,"26":1,"27":1,"28":1,"29":1,"30":2,"31":1,"32":1,"33":2,"34":2,"35":2,"36":1,"37":1,"38":1,"39":1,"40":2,"41":1,"42":1,"43":2,"44":2,"45":2,"46":1,"47":1,"48":1,"49":1,"50":2,"51":1,"52":1,"53":2,"54":2,"55":1,"56":1,"57":1,"58":1,"59":2,"60":1,"61":1,"62":2,"63":2,"64":2,"65":2,"66":1,"67":1,"68":1,"69":1,"70":2,"71":1,"72":1,"73":2,"74":2,"75":2,"76":1,"77":1,"78":1,"79":1,"80":2,"81":1},"branchMap":{"0":{"type":"branch","line":23,"loc":{"start":{"line":23,"column":9},"end":{"line":31,"column":3}},"locations":[{"start":{"line":23,"column":9},"end":{"line":31,"column":3}}]},"1":{"type":"branch","line":23,"loc":{"start":{"line":23,"column":64},"end":{"line":31,"column":2}},"locations":[{"start":{"line":23,"column":64},"end":{"line":31,"column":2}}]},"2":{"type":"branch","line":27,"loc":{"start":{"line":27,"column":-2},"end":{"line":30,"column":3}},"locations":[{"start":{"line":27,"column":-2},"end":{"line":30,"column":3}}]},"3":{"type":"branch","line":33,"loc":{"start":{"line":33,"column":10},"end":{"line":41,"column":3}},"locations":[{"start":{"line":33,"column":10},"end":{"line":41,"column":3}}]},"4":{"type":"branch","line":33,"loc":{"start":{"line":33,"column":65},"end":{"line":41,"column":2}},"locations":[{"start":{"line":33,"column":65},"end":{"line":41,"column":2}}]},"5":{"type":"branch","line":37,"loc":{"start":{"line":37,"column":-2},"end":{"line":40,"column":3}},"locations":[{"start":{"line":37,"column":-2},"end":{"line":40,"column":3}}]},"6":{"type":"branch","line":43,"loc":{"start":{"line":43,"column":12},"end":{"line":51,"column":3}},"locations":[{"start":{"line":43,"column":12},"end":{"line":51,"column":3}}]},"7":{"type":"branch","line":43,"loc":{"start":{"line":43,"column":67},"end":{"line":51,"column":2}},"locations":[{"start":{"line":43,"column":67},"end":{"line":51,"column":2}}]},"8":{"type":"branch","line":47,"loc":{"start":{"line":47,"column":-2},"end":{"line":50,"column":3}},"locations":[{"start":{"line":47,"column":-2},"end":{"line":50,"column":3}}]},"9":{"type":"branch","line":53,"loc":{"start":{"line":53,"column":9},"end":{"line":60,"column":3}},"locations":[{"start":{"line":53,"column":9},"end":{"line":60,"column":3}}]},"10":{"type":"branch","line":53,"loc":{"start":{"line":53,"column":64},"end":{"line":60,"column":2}},"locations":[{"start":{"line":53,"column":64},"end":{"line":60,"column":2}}]},"11":{"type":"branch","line":56,"loc":{"start":{"line":56,"column":-2},"end":{"line":59,"column":3}},"locations":[{"start":{"line":56,"column":-2},"end":{"line":59,"column":3}}]},"12":{"type":"branch","line":62,"loc":{"start":{"line":62,"column":9},"end":{"line":71,"column":3}},"locations":[{"start":{"line":62,"column":9},"end":{"line":71,"column":3}}]},"13":{"type":"branch","line":62,"loc":{"start":{"line":62,"column":64},"end":{"line":71,"column":2}},"locations":[{"start":{"line":62,"column":64},"end":{"line":71,"column":2}}]},"14":{"type":"branch","line":67,"loc":{"start":{"line":67,"column":-2},"end":{"line":70,"column":3}},"locations":[{"start":{"line":67,"column":-2},"end":{"line":70,"column":3}}]},"15":{"type":"branch","line":73,"loc":{"start":{"line":73,"column":9},"end":{"line":81,"column":3}},"locations":[{"start":{"line":73,"column":9},"end":{"line":81,"column":3}}]},"16":{"type":"branch","line":73,"loc":{"start":{"line":73,"column":64},"end":{"line":81,"column":2}},"locations":[{"start":{"line":73,"column":64},"end":{"line":81,"column":2}}]},"17":{"type":"branch","line":77,"loc":{"start":{"line":77,"column":-2},"end":{"line":80,"column":3}},"locations":[{"start":{"line":77,"column":-2},"end":{"line":80,"column":3}}]}},"b":{"0":[2],"1":[2],"2":[1],"3":[2],"4":[2],"5":[1],"6":[2],"7":[2],"8":[1],"9":[2],"10":[2],"11":[1],"12":[2],"13":[2],"14":[1],"15":[2],"16":[2],"17":[1]},"fnMap":{"0":{"name":"create","decl":{"start":{"line":23,"column":9},"end":{"line":31,"column":3}},"loc":{"start":{"line":23,"column":9},"end":{"line":31,"column":3}},"line":23},"1":{"name":"getById","decl":{"start":{"line":33,"column":10},"end":{"line":41,"column":3}},"loc":{"start":{"line":33,"column":10},"end":{"line":41,"column":3}},"line":33},"2":{"name":"getByName","decl":{"start":{"line":43,"column":12},"end":{"line":51,"column":3}},"loc":{"start":{"line":43,"column":12},"end":{"line":51,"column":3}},"line":43},"3":{"name":"getAll","decl":{"start":{"line":53,"column":9},"end":{"line":60,"column":3}},"loc":{"start":{"line":53,"column":9},"end":{"line":60,"column":3}},"line":53},"4":{"name":"update","decl":{"start":{"line":62,"column":9},"end":{"line":71,"column":3}},"loc":{"start":{"line":62,"column":9},"end":{"line":71,"column":3}},"line":62},"5":{"name":"delete","decl":{"start":{"line":73,"column":9},"end":{"line":81,"column":3}},"loc":{"start":{"line":73,"column":9},"end":{"line":81,"column":3}},"line":73}},"f":{"0":2,"1":2,"2":2,"3":2,"4":2,"5":2}}
,"C:\\Users\\flavi\\Documents\\MicrotechPro\\ProjetosWeb\\client-management\\server\\src\\controller\\order-controller.ts": {"path":"C:\\Users\\flavi\\Documents\\MicrotechPro\\ProjetosWeb\\client-management\\server\\src\\controller\\order-controller.ts","all":false,"statementMap":{"0":{"start":{"line":1,"column":0},"end":{"line":1,"column":55}},"1":{"start":{"line":2,"column":0},"end":{"line":2,"column":64}},"2":{"start":{"line":3,"column":0},"end":{"line":3,"column":24}},"3":{"start":{"line":4,"column":0},"end":{"line":4,"column":0}},"4":{"start":{"line":5,"column":0},"end":{"line":5,"column":8}},"5":{"start":{"line":6,"column":0},"end":{"line":6,"column":13}},"6":{"start":{"line":7,"column":0},"end":{"line":7,"column":14}},"7":{"start":{"line":8,"column":0},"end":{"line":8,"column":14}},"8":{"start":{"line":9,"column":0},"end":{"line":9,"column":13}},"9":{"start":{"line":10,"column":0},"end":{"line":10,"column":13}},"10":{"start":{"line":11,"column":0},"end":{"line":11,"column":18}},"11":{"start":{"line":12,"column":0},"end":{"line":12,"column":36}},"12":{"start":{"line":13,"column":0},"end":{"line":13,"column":0}},"13":{"start":{"line":14,"column":0},"end":{"line":14,"column":31}},"14":{"start":{"line":15,"column":0},"end":{"line":15,"column":16}},"15":{"start":{"line":16,"column":0},"end":{"line":16,"column":3}},"16":{"start":{"line":17,"column":0},"end":{"line":17,"column":0}},"17":{"start":{"line":18,"column":0},"end":{"line":18,"column":31}},"18":{"start":{"line":19,"column":0},"end":{"line":19,"column":41}},"19":{"start":{"line":20,"column":0},"end":{"line":20,"column":2}},"20":{"start":{"line":21,"column":0},"end":{"line":21,"column":0}},"21":{"start":{"line":22,"column":0},"end":{"line":22,"column":32}},"22":{"start":{"line":23,"column":0},"end":{"line":23,"column":66}},"23":{"start":{"line":24,"column":0},"end":{"line":24,"column":7}},"24":{"start":{"line":25,"column":0},"end":{"line":25,"column":48}},"25":{"start":{"line":26,"column":0},"end":{"line":26,"column":41}},"26":{"start":{"line":27,"column":0},"end":{"line":27,"column":31}},"27":{"start":{"line":28,"column":0},"end":{"line":28,"column":17}},"28":{"start":{"line":29,"column":0},"end":{"line":29,"column":29}},"29":{"start":{"line":30,"column":0},"end":{"line":30,"column":3}},"30":{"start":{"line":31,"column":0},"end":{"line":31,"column":3}},"31":{"start":{"line":32,"column":0},"end":{"line":32,"column":0}},"32":{"start":{"line":33,"column":0},"end":{"line":33,"column":67}},"33":{"start":{"line":34,"column":0},"end":{"line":34,"column":7}},"34":{"start":{"line":35,"column":0},"end":{"line":35,"column":53}},"35":{"start":{"line":36,"column":0},"end":{"line":36,"column":47}},"36":{"start":{"line":37,"column":0},"end":{"line":37,"column":31}},"37":{"start":{"line":38,"column":0},"end":{"line":38,"column":17}},"38":{"start":{"line":39,"column":0},"end":{"line":39,"column":29}},"39":{"start":{"line":40,"column":0},"end":{"line":40,"column":3}},"40":{"start":{"line":41,"column":0},"end":{"line":41,"column":3}},"41":{"start":{"line":42,"column":0},"end":{"line":42,"column":0}},"42":{"start":{"line":43,"column":0},"end":{"line":43,"column":71}},"43":{"start":{"line":44,"column":0},"end":{"line":44,"column":7}},"44":{"start":{"line":45,"column":0},"end":{"line":45,"column":53}},"45":{"start":{"line":46,"column":0},"end":{"line":46,"column":56}},"46":{"start":{"line":47,"column":0},"end":{"line":47,"column":32}},"47":{"start":{"line":48,"column":0},"end":{"line":48,"column":17}},"48":{"start":{"line":49,"column":0},"end":{"line":49,"column":29}},"49":{"start":{"line":50,"column":0},"end":{"line":50,"column":3}},"50":{"start":{"line":51,"column":0},"end":{"line":51,"column":3}},"51":{"start":{"line":52,"column":0},"end":{"line":52,"column":0}},"52":{"start":{"line":53,"column":0},"end":{"line":53,"column":66}},"53":{"start":{"line":54,"column":0},"end":{"line":54,"column":7}},"54":{"start":{"line":55,"column":0},"end":{"line":55,"column":39}},"55":{"start":{"line":56,"column":0},"end":{"line":56,"column":32}},"56":{"start":{"line":57,"column":0},"end":{"line":57,"column":17}},"57":{"start":{"line":58,"column":0},"end":{"line":58,"column":29}},"58":{"start":{"line":59,"column":0},"end":{"line":59,"column":3}},"59":{"start":{"line":60,"column":0},"end":{"line":60,"column":3}},"60":{"start":{"line":61,"column":0},"end":{"line":61,"column":0}},"61":{"start":{"line":62,"column":0},"end":{"line":62,"column":66}},"62":{"start":{"line":63,"column":0},"end":{"line":63,"column":7}},"63":{"start":{"line":64,"column":0},"end":{"line":64,"column":53}},"64":{"start":{"line":65,"column":0},"end":{"line":65,"column":54}},"65":{"start":{"line":66,"column":0},"end":{"line":66,"column":52}},"66":{"start":{"line":67,"column":0},"end":{"line":67,"column":31}},"67":{"start":{"line":68,"column":0},"end":{"line":68,"column":17}},"68":{"start":{"line":69,"column":0},"end":{"line":69,"column":29}},"69":{"start":{"line":70,"column":0},"end":{"line":70,"column":3}},"70":{"start":{"line":71,"column":0},"end":{"line":71,"column":3}},"71":{"start":{"line":72,"column":0},"end":{"line":72,"column":0}},"72":{"start":{"line":73,"column":0},"end":{"line":73,"column":66}},"73":{"start":{"line":74,"column":0},"end":{"line":74,"column":7}},"74":{"start":{"line":75,"column":0},"end":{"line":75,"column":53}},"75":{"start":{"line":76,"column":0},"end":{"line":76,"column":32}},"76":{"start":{"line":77,"column":0},"end":{"line":77,"column":26}},"77":{"start":{"line":78,"column":0},"end":{"line":78,"column":17}},"78":{"start":{"line":79,"column":0},"end":{"line":79,"column":29}},"79":{"start":{"line":80,"column":0},"end":{"line":80,"column":3}},"80":{"start":{"line":81,"column":0},"end":{"line":81,"column":3}},"81":{"start":{"line":82,"column":0},"end":{"line":82,"column":2}}},"s":{"0":1,"1":1,"2":1,"3":1,"4":1,"5":1,"6":1,"7":1,"8":1,"9":1,"10":1,"11":1,"12":1,"13":1,"14":1,"15":1,"16":1,"17":1,"18":1,"19":1,"20":1,"21":1,"22":1,"23":2,"24":2,"25":2,"26":1,"27":1,"28":1,"29":1,"30":2,"31":1,"32":1,"33":2,"34":2,"35":2,"36":1,"37":1,"38":1,"39":1,"40":2,"41":1,"42":1,"43":2,"44":2,"45":2,"46":1,"47":1,"48":1,"49":1,"50":2,"51":1,"52":1,"53":2,"54":2,"55":1,"56":1,"57":1,"58":1,"59":2,"60":1,"61":1,"62":2,"63":2,"64":2,"65":2,"66":1,"67":1,"68":1,"69":1,"70":2,"71":1,"72":1,"73":2,"74":2,"75":2,"76":1,"77":1,"78":1,"79":1,"80":2,"81":1},"branchMap":{"0":{"type":"branch","line":23,"loc":{"start":{"line":23,"column":9},"end":{"line":31,"column":3}},"locations":[{"start":{"line":23,"column":9},"end":{"line":31,"column":3}}]},"1":{"type":"branch","line":23,"loc":{"start":{"line":23,"column":64},"end":{"line":31,"column":2}},"locations":[{"start":{"line":23,"column":64},"end":{"line":31,"column":2}}]},"2":{"type":"branch","line":27,"loc":{"start":{"line":27,"column":-2},"end":{"line":30,"column":3}},"locations":[{"start":{"line":27,"column":-2},"end":{"line":30,"column":3}}]},"3":{"type":"branch","line":33,"loc":{"start":{"line":33,"column":10},"end":{"line":41,"column":3}},"locations":[{"start":{"line":33,"column":10},"end":{"line":41,"column":3}}]},"4":{"type":"branch","line":33,"loc":{"start":{"line":33,"column":65},"end":{"line":41,"column":2}},"locations":[{"start":{"line":33,"column":65},"end":{"line":41,"column":2}}]},"5":{"type":"branch","line":37,"loc":{"start":{"line":37,"column":-2},"end":{"line":40,"column":3}},"locations":[{"start":{"line":37,"column":-2},"end":{"line":40,"column":3}}]},"6":{"type":"branch","line":43,"loc":{"start":{"line":43,"column":14},"end":{"line":51,"column":3}},"locations":[{"start":{"line":43,"column":14},"end":{"line":51,"column":3}}]},"7":{"type":"branch","line":43,"loc":{"start":{"line":43,"column":69},"end":{"line":51,"column":2}},"locations":[{"start":{"line":43,"column":69},"end":{"line":51,"column":2}}]},"8":{"type":"branch","line":47,"loc":{"start":{"line":47,"column":-2},"end":{"line":50,"column":3}},"locations":[{"start":{"line":47,"column":-2},"end":{"line":50,"column":3}}]},"9":{"type":"branch","line":53,"loc":{"start":{"line":53,"column":9},"end":{"line":60,"column":3}},"locations":[{"start":{"line":53,"column":9},"end":{"line":60,"column":3}}]},"10":{"type":"branch","line":53,"loc":{"start":{"line":53,"column":64},"end":{"line":60,"column":2}},"locations":[{"start":{"line":53,"column":64},"end":{"line":60,"column":2}}]},"11":{"type":"branch","line":56,"loc":{"start":{"line":56,"column":-2},"end":{"line":59,"column":3}},"locations":[{"start":{"line":56,"column":-2},"end":{"line":59,"column":3}}]},"12":{"type":"branch","line":62,"loc":{"start":{"line":62,"column":9},"end":{"line":71,"column":3}},"locations":[{"start":{"line":62,"column":9},"end":{"line":71,"column":3}}]},"13":{"type":"branch","line":62,"loc":{"start":{"line":62,"column":64},"end":{"line":71,"column":2}},"locations":[{"start":{"line":62,"column":64},"end":{"line":71,"column":2}}]},"14":{"type":"branch","line":67,"loc":{"start":{"line":67,"column":-2},"end":{"line":70,"column":3}},"locations":[{"start":{"line":67,"column":-2},"end":{"line":70,"column":3}}]},"15":{"type":"branch","line":73,"loc":{"start":{"line":73,"column":9},"end":{"line":81,"column":3}},"locations":[{"start":{"line":73,"column":9},"end":{"line":81,"column":3}}]},"16":{"type":"branch","line":73,"loc":{"start":{"line":73,"column":64},"end":{"line":81,"column":2}},"locations":[{"start":{"line":73,"column":64},"end":{"line":81,"column":2}}]},"17":{"type":"branch","line":77,"loc":{"start":{"line":77,"column":-2},"end":{"line":80,"column":3}},"locations":[{"start":{"line":77,"column":-2},"end":{"line":80,"column":3}}]}},"b":{"0":[2],"1":[2],"2":[1],"3":[2],"4":[2],"5":[1],"6":[2],"7":[2],"8":[1],"9":[2],"10":[2],"11":[1],"12":[2],"13":[2],"14":[1],"15":[2],"16":[2],"17":[1]},"fnMap":{"0":{"name":"create","decl":{"start":{"line":23,"column":9},"end":{"line":31,"column":3}},"loc":{"start":{"line":23,"column":9},"end":{"line":31,"column":3}},"line":23},"1":{"name":"getById","decl":{"start":{"line":33,"column":10},"end":{"line":41,"column":3}},"loc":{"start":{"line":33,"column":10},"end":{"line":41,"column":3}},"line":33},"2":{"name":"getByStatus","decl":{"start":{"line":43,"column":14},"end":{"line":51,"column":3}},"loc":{"start":{"line":43,"column":14},"end":{"line":51,"column":3}},"line":43},"3":{"name":"getAll","decl":{"start":{"line":53,"column":9},"end":{"line":60,"column":3}},"loc":{"start":{"line":53,"column":9},"end":{"line":60,"column":3}},"line":53},"4":{"name":"update","decl":{"start":{"line":62,"column":9},"end":{"line":71,"column":3}},"loc":{"start":{"line":62,"column":9},"end":{"line":71,"column":3}},"line":62},"5":{"name":"delete","decl":{"start":{"line":73,"column":9},"end":{"line":81,"column":3}},"loc":{"start":{"line":73,"column":9},"end":{"line":81,"column":3}},"line":73}},"f":{"0":2,"1":2,"2":2,"3":2,"4":2,"5":2}}
,"C:\\Users\\flavi\\Documents\\MicrotechPro\\ProjetosWeb\\client-management\\server\\src\\services\\client-services.ts": {"path":"C:\\Users\\flavi\\Documents\\MicrotechPro\\ProjetosWeb\\client-management\\server\\src\\services\\client-services.ts","all":false,"statementMap":{"0":{"start":{"line":1,"column":0},"end":{"line":1,"column":42}},"1":{"start":{"line":2,"column":0},"end":{"line":2,"column":41}},"2":{"start":{"line":3,"column":0},"end":{"line":3,"column":0}},"3":{"start":{"line":4,"column":0},"end":{"line":4,"column":73}},"4":{"start":{"line":5,"column":0},"end":{"line":5,"column":36}},"5":{"start":{"line":6,"column":0},"end":{"line":6,"column":0}},"6":{"start":{"line":7,"column":0},"end":{"line":7,"column":57}},"7":{"start":{"line":8,"column":0},"end":{"line":8,"column":0}},"8":{"start":{"line":9,"column":0},"end":{"line":9,"column":62}},"9":{"start":{"line":10,"column":0},"end":{"line":10,"column":30}},"10":{"start":{"line":11,"column":0},"end":{"line":11,"column":0}},"11":{"start":{"line":12,"column":0},"end":{"line":12,"column":45}},"12":{"start":{"line":13,"column":0},"end":{"line":13,"column":54}},"13":{"start":{"line":14,"column":0},"end":{"line":14,"column":0}},"14":{"start":{"line":15,"column":0},"end":{"line":15,"column":57}},"15":{"start":{"line":16,"column":0},"end":{"line":16,"column":1}},"16":{"start":{"line":17,"column":0},"end":{"line":17,"column":0}},"17":{"start":{"line":18,"column":0},"end":{"line":18,"column":66}},"18":{"start":{"line":19,"column":0},"end":{"line":19,"column":66}},"19":{"start":{"line":20,"column":0},"end":{"line":20,"column":0}},"20":{"start":{"line":21,"column":0},"end":{"line":21,"column":70}},"21":{"start":{"line":22,"column":0},"end":{"line":22,"column":0}},"22":{"start":{"line":23,"column":0},"end":{"line":23,"column":15}},"23":{"start":{"line":24,"column":0},"end":{"line":24,"column":1}},"24":{"start":{"line":25,"column":0},"end":{"line":25,"column":0}},"25":{"start":{"line":26,"column":0},"end":{"line":26,"column":57}},"26":{"start":{"line":27,"column":0},"end":{"line":27,"column":39}},"27":{"start":{"line":28,"column":0},"end":{"line":28,"column":1}},"28":{"start":{"line":29,"column":0},"end":{"line":29,"column":0}},"29":{"start":{"line":30,"column":0},"end":{"line":30,"column":70}},"30":{"start":{"line":31,"column":0},"end":{"line":31,"column":45}},"31":{"start":{"line":32,"column":0},"end":{"line":32,"column":70}},"32":{"start":{"line":33,"column":0},"end":{"line":33,"column":0}},"33":{"start":{"line":34,"column":0},"end":{"line":34,"column":15}},"34":{"start":{"line":35,"column":0},"end":{"line":35,"column":1}},"35":{"start":{"line":36,"column":0},"end":{"line":36,"column":0}},"36":{"start":{"line":37,"column":0},"end":{"line":37,"column":94}},"37":{"start":{"line":38,"column":0},"end":{"line":38,"column":36}},"38":{"start":{"line":39,"column":0},"end":{"line":39,"column":16}},"39":{"start":{"line":40,"column":0},"end":{"line":40,"column":9}},"40":{"start":{"line":41,"column":0},"end":{"line":41,"column":17}},"41":{"start":{"line":42,"column":0},"end":{"line":42,"column":4}},"42":{"start":{"line":43,"column":0},"end":{"line":43,"column":4}},"43":{"start":{"line":44,"column":0},"end":{"line":44,"column":1}},"44":{"start":{"line":45,"column":0},"end":{"line":45,"column":0}},"45":{"start":{"line":46,"column":0},"end":{"line":46,"column":65}},"46":{"start":{"line":47,"column":0},"end":{"line":47,"column":54}},"47":{"start":{"line":48,"column":0},"end":{"line":48,"column":1}},"48":{"start":{"line":49,"column":0},"end":{"line":49,"column":0}},"49":{"start":{"line":50,"column":0},"end":{"line":50,"column":49}},"50":{"start":{"line":51,"column":0},"end":{"line":51,"column":50}},"51":{"start":{"line":52,"column":0},"end":{"line":52,"column":35}},"52":{"start":{"line":53,"column":0},"end":{"line":53,"column":37}},"53":{"start":{"line":54,"column":0},"end":{"line":54,"column":2}},"54":{"start":{"line":55,"column":0},"end":{"line":55,"column":1}},"55":{"start":{"line":56,"column":0},"end":{"line":56,"column":0}},"56":{"start":{"line":57,"column":0},"end":{"line":57,"column":47}},"57":{"start":{"line":58,"column":0},"end":{"line":58,"column":39}},"58":{"start":{"line":59,"column":0},"end":{"line":59,"column":10}},"59":{"start":{"line":60,"column":0},"end":{"line":60,"column":25}},"60":{"start":{"line":61,"column":0},"end":{"line":61,"column":4}},"61":{"start":{"line":62,"column":0},"end":{"line":62,"column":4}},"62":{"start":{"line":63,"column":0},"end":{"line":63,"column":1}}},"s":{"0":1,"1":1,"2":1,"3":0,"4":0,"5":0,"6":0,"7":0,"8":0,"9":0,"10":0,"11":0,"12":0,"13":0,"14":0,"15":0,"16":1,"17":0,"18":0,"19":0,"20":0,"21":0,"22":0,"23":0,"24":1,"25":0,"26":0,"27":0,"28":1,"29":0,"30":0,"31":0,"32":0,"33":0,"34":0,"35":1,"36":0,"37":0,"38":0,"39":0,"40":0,"41":0,"42":0,"43":0,"44":1,"45":0,"46":0,"47":0,"48":1,"49":0,"50":0,"51":0,"52":0,"53":0,"54":0,"55":1,"56":0,"57":0,"58":0,"59":0,"60":0,"61":0,"62":0},"branchMap":{},"b":{},"fnMap":{"0":{"name":"createClient","decl":{"start":{"line":4,"column":0},"end":{"line":16,"column":1}},"loc":{"start":{"line":4,"column":0},"end":{"line":16,"column":1}},"line":4},"1":{"name":"getClientById","decl":{"start":{"line":18,"column":0},"end":{"line":24,"column":1}},"loc":{"start":{"line":18,"column":0},"end":{"line":24,"column":1}},"line":18},"2":{"name":"getAllClient","decl":{"start":{"line":26,"column":0},"end":{"line":28,"column":1}},"loc":{"start":{"line":26,"column":0},"end":{"line":28,"column":1}},"line":26},"3":{"name":"getClientByName","decl":{"start":{"line":30,"column":0},"end":{"line":35,"column":1}},"loc":{"start":{"line":30,"column":0},"end":{"line":35,"column":1}},"line":30},"4":{"name":"updateClient","decl":{"start":{"line":37,"column":0},"end":{"line":44,"column":1}},"loc":{"start":{"line":37,"column":0},"end":{"line":44,"column":1}},"line":37},"5":{"name":"deleteClient","decl":{"start":{"line":46,"column":0},"end":{"line":48,"column":1}},"loc":{"start":{"line":46,"column":0},"end":{"line":48,"column":1}},"line":46},"6":{"name":"validateContactNumber","decl":{"start":{"line":50,"column":0},"end":{"line":55,"column":1}},"loc":{"start":{"line":50,"column":0},"end":{"line":55,"column":1}},"line":50},"7":{"name":"findClientByName","decl":{"start":{"line":57,"column":0},"end":{"line":63,"column":1}},"loc":{"start":{"line":57,"column":0},"end":{"line":63,"column":1}},"line":57}},"f":{"0":0,"1":0,"2":0,"3":0,"4":0,"5":0,"6":0,"7":0}}
,"C:\\Users\\flavi\\Documents\\MicrotechPro\\ProjetosWeb\\client-management\\server\\src\\services\\order-services.ts": {"path":"C:\\Users\\flavi\\Documents\\MicrotechPro\\ProjetosWeb\\client-management\\server\\src\\services\\order-services.ts","all":false,"statementMap":{"0":{"start":{"line":1,"column":0},"end":{"line":1,"column":42}},"1":{"start":{"line":2,"column":0},"end":{"line":2,"column":39}},"2":{"start":{"line":3,"column":0},"end":{"line":3,"column":0}},"3":{"start":{"line":4,"column":0},"end":{"line":4,"column":69}},"4":{"start":{"line":5,"column":0},"end":{"line":5,"column":45}},"5":{"start":{"line":6,"column":0},"end":{"line":6,"column":0}},"6":{"start":{"line":7,"column":0},"end":{"line":7,"column":65}},"7":{"start":{"line":8,"column":0},"end":{"line":8,"column":0}},"8":{"start":{"line":9,"column":0},"end":{"line":9,"column":59}},"9":{"start":{"line":10,"column":0},"end":{"line":10,"column":0}},"10":{"start":{"line":11,"column":0},"end":{"line":11,"column":55}},"11":{"start":{"line":12,"column":0},"end":{"line":12,"column":1}},"12":{"start":{"line":13,"column":0},"end":{"line":13,"column":0}},"13":{"start":{"line":14,"column":0},"end":{"line":14,"column":64}},"14":{"start":{"line":15,"column":0},"end":{"line":15,"column":64}},"15":{"start":{"line":16,"column":0},"end":{"line":16,"column":0}},"16":{"start":{"line":17,"column":0},"end":{"line":17,"column":68}},"17":{"start":{"line":18,"column":0},"end":{"line":18,"column":0}},"18":{"start":{"line":19,"column":0},"end":{"line":19,"column":14}},"19":{"start":{"line":20,"column":0},"end":{"line":20,"column":1}},"20":{"start":{"line":21,"column":0},"end":{"line":21,"column":0}},"21":{"start":{"line":22,"column":0},"end":{"line":22,"column":56}},"22":{"start":{"line":23,"column":0},"end":{"line":23,"column":37}},"23":{"start":{"line":24,"column":0},"end":{"line":24,"column":12}},"24":{"start":{"line":25,"column":0},"end":{"line":25,"column":20}},"25":{"start":{"line":26,"column":0},"end":{"line":26,"column":4}},"26":{"start":{"line":27,"column":0},"end":{"line":27,"column":4}},"27":{"start":{"line":28,"column":0},"end":{"line":28,"column":1}},"28":{"start":{"line":29,"column":0},"end":{"line":29,"column":0}},"29":{"start":{"line":30,"column":0},"end":{"line":30,"column":39}},"30":{"start":{"line":31,"column":0},"end":{"line":31,"column":29}},"31":{"start":{"line":32,"column":0},"end":{"line":32,"column":21}},"32":{"start":{"line":33,"column":0},"end":{"line":33,"column":37}},"33":{"start":{"line":34,"column":0},"end":{"line":34,"column":10}},"34":{"start":{"line":35,"column":0},"end":{"line":35,"column":16}},"35":{"start":{"line":36,"column":0},"end":{"line":36,"column":4}},"36":{"start":{"line":37,"column":0},"end":{"line":37,"column":4}},"37":{"start":{"line":38,"column":0},"end":{"line":38,"column":1}},"38":{"start":{"line":39,"column":0},"end":{"line":39,"column":0}},"39":{"start":{"line":40,"column":0},"end":{"line":40,"column":34}},"40":{"start":{"line":41,"column":0},"end":{"line":41,"column":12}},"41":{"start":{"line":42,"column":0},"end":{"line":42,"column":26}},"42":{"start":{"line":43,"column":0},"end":{"line":43,"column":19}},"43":{"start":{"line":44,"column":0},"end":{"line":44,"column":35}},"44":{"start":{"line":45,"column":0},"end":{"line":45,"column":16}},"45":{"start":{"line":46,"column":0},"end":{"line":46,"column":9}},"46":{"start":{"line":47,"column":0},"end":{"line":47,"column":16}},"47":{"start":{"line":48,"column":0},"end":{"line":48,"column":4}},"48":{"start":{"line":49,"column":0},"end":{"line":49,"column":4}},"49":{"start":{"line":50,"column":0},"end":{"line":50,"column":1}},"50":{"start":{"line":51,"column":0},"end":{"line":51,"column":0}},"51":{"start":{"line":52,"column":0},"end":{"line":52,"column":63}},"52":{"start":{"line":53,"column":0},"end":{"line":53,"column":53}},"53":{"start":{"line":54,"column":0},"end":{"line":54,"column":1}}},"s":{"0":1,"1":1,"2":1,"3":0,"4":0,"5":0,"6":0,"7":0,"8":0,"9":0,"10":0,"11":0,"12":1,"13":0,"14":0,"15":0,"16":0,"17":0,"18":0,"19":0,"20":1,"21":0,"22":0,"23":0,"24":0,"25":0,"26":0,"27":0,"28":1,"29":0,"30":0,"31":0,"32":0,"33":0,"34":0,"35":0,"36":0,"37":0,"38":1,"39":0,"40":0,"41":0,"42":0,"43":0,"44":0,"45":0,"46":0,"47":0,"48":0,"49":0,"50":1,"51":0,"52":0,"53":0},"branchMap":{},"b":{},"fnMap":{"0":{"name":"createOrder","decl":{"start":{"line":4,"column":0},"end":{"line":12,"column":1}},"loc":{"start":{"line":4,"column":0},"end":{"line":12,"column":1}},"line":4},"1":{"name":"getOrderById","decl":{"start":{"line":14,"column":0},"end":{"line":20,"column":1}},"loc":{"start":{"line":14,"column":0},"end":{"line":20,"column":1}},"line":14},"2":{"name":"getAllOrders","decl":{"start":{"line":22,"column":0},"end":{"line":28,"column":1}},"loc":{"start":{"line":22,"column":0},"end":{"line":28,"column":1}},"line":22},"3":{"name":"getOrderByStatus","decl":{"start":{"line":30,"column":0},"end":{"line":38,"column":1}},"loc":{"start":{"line":30,"column":0},"end":{"line":38,"column":1}},"line":30},"4":{"name":"updateOrder","decl":{"start":{"line":40,"column":0},"end":{"line":50,"column":1}},"loc":{"start":{"line":40,"column":0},"end":{"line":50,"column":1}},"line":40},"5":{"name":"deleteOrder","decl":{"start":{"line":52,"column":0},"end":{"line":54,"column":1}},"loc":{"start":{"line":52,"column":0},"end":{"line":54,"column":1}},"line":52}},"f":{"0":0,"1":0,"2":0,"3":0,"4":0,"5":0}}
,"C:\\Users\\flavi\\Documents\\MicrotechPro\\ProjetosWeb\\client-management\\server\\src\\types\\Client.ts": {"path":"C:\\Users\\flavi\\Documents\\MicrotechPro\\ProjetosWeb\\client-management\\server\\src\\types\\Client.ts","all":false,"statementMap":{"0":{"start":{"line":1,"column":0},"end":{"line":1,"column":24}},"1":{"start":{"line":2,"column":0},"end":{"line":2,"column":0}},"2":{"start":{"line":3,"column":0},"end":{"line":3,"column":38}},"3":{"start":{"line":4,"column":0},"end":{"line":4,"column":19}},"4":{"start":{"line":5,"column":0},"end":{"line":5,"column":20}},"5":{"start":{"line":6,"column":0},"end":{"line":6,"column":3}},"6":{"start":{"line":7,"column":0},"end":{"line":7,"column":0}},"7":{"start":{"line":8,"column":0},"end":{"line":8,"column":44}},"8":{"start":{"line":9,"column":0},"end":{"line":9,"column":30}},"9":{"start":{"line":10,"column":0},"end":{"line":10,"column":31}},"10":{"start":{"line":11,"column":0},"end":{"line":11,"column":3}},"11":{"start":{"line":12,"column":0},"end":{"line":12,"column":0}},"12":{"start":{"line":13,"column":0},"end":{"line":13,"column":50}}},"s":{"0":1,"1":1,"2":1,"3":1,"4":1,"5":1,"6":1,"7":1,"8":1,"9":1,"10":1,"11":1,"12":1},"branchMap":{},"b":{},"fnMap":{},"f":{}}
,"C:\\Users\\flavi\\Documents\\MicrotechPro\\ProjetosWeb\\client-management\\server\\src\\types\\Order.ts": {"path":"C:\\Users\\flavi\\Documents\\MicrotechPro\\ProjetosWeb\\client-management\\server\\src\\types\\Order.ts","all":false,"statementMap":{"0":{"start":{"line":1,"column":0},"end":{"line":1,"column":24}},"1":{"start":{"line":2,"column":0},"end":{"line":2,"column":0}},"2":{"start":{"line":3,"column":0},"end":{"line":3,"column":37}},"3":{"start":{"line":4,"column":0},"end":{"line":4,"column":26}},"4":{"start":{"line":5,"column":0},"end":{"line":5,"column":42}},"5":{"start":{"line":6,"column":0},"end":{"line":6,"column":23}},"6":{"start":{"line":7,"column":0},"end":{"line":7,"column":3}},"7":{"start":{"line":8,"column":0},"end":{"line":8,"column":0}},"8":{"start":{"line":9,"column":0},"end":{"line":9,"column":43}},"9":{"start":{"line":10,"column":0},"end":{"line":10,"column":37}},"10":{"start":{"line":11,"column":0},"end":{"line":11,"column":53}},"11":{"start":{"line":12,"column":0},"end":{"line":12,"column":33}},"12":{"start":{"line":13,"column":0},"end":{"line":13,"column":34}},"13":{"start":{"line":14,"column":0},"end":{"line":14,"column":3}},"14":{"start":{"line":15,"column":0},"end":{"line":15,"column":0}},"15":{"start":{"line":16,"column":0},"end":{"line":16,"column":48}}},"s":{"0":1,"1":1,"2":1,"3":1,"4":1,"5":1,"6":1,"7":1,"8":1,"9":1,"10":1,"11":1,"12":1,"13":1,"14":1,"15":1},"branchMap":{},"b":{},"fnMap":{},"f":{}}
}
